# JRE version: OpenJDK Runtime Environment (11.0.9+11) (build 11.0.9+11-Ubuntu-0ubuntu1.20.04)
# Java VM: OpenJDK 64-Bit Server VM (11.0.9+11-Ubuntu-0ubuntu1.20.04, mixed mode, sharing, tiered, compressed oops, g1 gc, linux-amd64)
Heap:
 garbage-first heap   total 187392K, used 41819K [0x0000000085800000, 0x0000000100000000)
  region size 1024K, 23 young (23552K), 6 survivors (6144K)
 Metaspace       used 13705K, capacity 14270K, committed 14592K, reserved 1062912K
  class space    used 1453K, capacity 1723K, committed 1792K, reserved 1048576K
GC Heap History (20 events):
Event: 2,014 GC heap before
{Heap before GC invocations=2 (full 0):
 garbage-first heap   total 129024K, used 95429K [0x0000000085800000, 0x0000000100000000)
  region size 1024K, 74 young (75776K), 4 survivors (4096K)
 Metaspace       used 9098K, capacity 9521K, committed 9856K, reserved 1058816K
  class space    used 953K, capacity 1125K, committed 1152K, reserved 1048576K
}
Event: 2,022 GC heap after
{Heap after GC invocations=3 (full 0):
 garbage-first heap   total 129024K, used 23749K [0x0000000085800000, 0x0000000100000000)
  region size 1024K, 4 young (4096K), 4 survivors (4096K)
 Metaspace       used 9098K, capacity 9521K, committed 9856K, reserved 1058816K
  class space    used 953K, capacity 1125K, committed 1152K, reserved 1048576K
}
Event: 2,208 GC heap before
{Heap before GC invocations=3 (full 0):
 garbage-first heap   total 129024K, used 95429K [0x0000000085800000, 0x0000000100000000)
  region size 1024K, 74 young (75776K), 4 survivors (4096K)
 Metaspace       used 9284K, capacity 9716K, committed 9984K, reserved 1058816K
  class space    used 976K, capacity 1169K, committed 1280K, reserved 1048576K
}
Event: 2,216 GC heap after
{Heap after GC invocations=4 (full 0):
 garbage-first heap   total 129024K, used 23869K [0x0000000085800000, 0x0000000100000000)
  region size 1024K, 4 young (4096K), 4 survivors (4096K)
 Metaspace       used 9284K, capacity 9716K, committed 9984K, reserved 1058816K
  class space    used 976K, capacity 1169K, committed 1280K, reserved 1048576K
}
Event: 2,390 GC heap before
{Heap before GC invocations=4 (full 0):
 garbage-first heap   total 129024K, used 95549K [0x0000000085800000, 0x0000000100000000)
  region size 1024K, 74 young (75776K), 4 survivors (4096K)
 Metaspace       used 9284K, capacity 9716K, committed 9984K, reserved 1058816K
  class space    used 976K, capacity 1169K, committed 1280K, reserved 1048576K
}
Event: 2,399 GC heap after
{Heap after GC invocations=5 (full 0):
 garbage-first heap   total 155648K, used 23749K [0x0000000085800000, 0x0000000100000000)
  region size 1024K, 4 young (4096K), 4 survivors (4096K)
 Metaspace       used 9284K, capacity 9716K, committed 9984K, reserved 1058816K
  class space    used 976K, capacity 1169K, committed 1280K, reserved 1048576K
}
Event: 2,631 GC heap before
{Heap before GC invocations=5 (full 0):
 garbage-first heap   total 155648K, used 108741K [0x0000000085800000, 0x0000000100000000)
  region size 1024K, 87 young (89088K), 4 survivors (4096K)
 Metaspace       used 9285K, capacity 9716K, committed 9984K, reserved 1058816K
  class space    used 976K, capacity 1169K, committed 1280K, reserved 1048576K
}
Event: 2,639 GC heap after
{Heap after GC invocations=6 (full 0):
 garbage-first heap   total 155648K, used 23882K [0x0000000085800000, 0x0000000100000000)
  region size 1024K, 4 young (4096K), 4 survivors (4096K)
 Metaspace       used 9285K, capacity 9716K, committed 9984K, reserved 1058816K
  class space    used 976K, capacity 1169K, committed 1280K, reserved 1048576K
}
Event: 2,855 GC heap before
{Heap before GC invocations=6 (full 0):
 garbage-first heap   total 155648K, used 112970K [0x0000000085800000, 0x0000000100000000)
  region size 1024K, 91 young (93184K), 4 survivors (4096K)
 Metaspace       used 9286K, capacity 9716K, committed 9984K, reserved 1058816K
  class space    used 976K, capacity 1169K, committed 1280K, reserved 1048576K
}
Event: 2,863 GC heap after
{Heap after GC invocations=7 (full 0):
 garbage-first heap   total 155648K, used 23749K [0x0000000085800000, 0x0000000100000000)
  region size 1024K, 4 young (4096K), 4 survivors (4096K)
 Metaspace       used 9286K, capacity 9716K, committed 9984K, reserved 1058816K
  class space    used 976K, capacity 1169K, committed 1280K, reserved 1048576K
}
Event: 3,080 GC heap before
{Heap before GC invocations=7 (full 0):
 garbage-first heap   total 155648K, used 112837K [0x0000000085800000, 0x0000000100000000)
  region size 1024K, 91 young (93184K), 4 survivors (4096K)
 Metaspace       used 9287K, capacity 9716K, committed 9984K, reserved 1058816K
  class space    used 976K, capacity 1169K, committed 1280K, reserved 1048576K
}
Event: 3,090 GC heap after
{Heap after GC invocations=8 (full 0):
 garbage-first heap   total 155648K, used 23883K [0x0000000085800000, 0x0000000100000000)
  region size 1024K, 4 young (4096K), 4 survivors (4096K)
 Metaspace       used 9287K, capacity 9716K, committed 9984K, reserved 1058816K
  class space    used 976K, capacity 1169K, committed 1280K, reserved 1048576K
}
Event: 3,320 GC heap before
{Heap before GC invocations=8 (full 0):
 garbage-first heap   total 155648K, used 112971K [0x0000000085800000, 0x0000000100000000)
  region size 1024K, 91 young (93184K), 4 survivors (4096K)
 Metaspace       used 9292K, capacity 9716K, committed 9984K, reserved 1058816K
  class space    used 976K, capacity 1169K, committed 1280K, reserved 1048576K
}
Event: 3,330 GC heap after
{Heap after GC invocations=9 (full 0):
 garbage-first heap   total 187392K, used 23887K [0x0000000085800000, 0x0000000100000000)
  region size 1024K, 4 young (4096K), 4 survivors (4096K)
 Metaspace       used 9292K, capacity 9716K, committed 9984K, reserved 1058816K
  class space    used 976K, capacity 1169K, committed 1280K, reserved 1048576K
}
Event: 3,937 GC heap before
{Heap before GC invocations=9 (full 0):
 garbage-first heap   total 187392K, used 130383K [0x0000000085800000, 0x0000000100000000)
  region size 1024K, 108 young (110592K), 4 survivors (4096K)
 Metaspace       used 12414K, capacity 13010K, committed 13184K, reserved 1060864K
  class space    used 1364K, capacity 1624K, committed 1664K, reserved 1048576K
}
Event: 3,973 GC heap after
{Heap after GC invocations=10 (full 0):
 garbage-first heap   total 187392K, used 24584K [0x0000000085800000, 0x0000000100000000)
  region size 1024K, 5 young (5120K), 5 survivors (5120K)
 Metaspace       used 12414K, capacity 13010K, committed 13184K, reserved 1060864K
  class space    used 1364K, capacity 1624K, committed 1664K, reserved 1048576K
}
Event: 4,435 GC heap before
{Heap before GC invocations=10 (full 0):
 garbage-first heap   total 187392K, used 131080K [0x0000000085800000, 0x0000000100000000)
  region size 1024K, 109 young (111616K), 5 survivors (5120K)
 Metaspace       used 12418K, capacity 13010K, committed 13184K, reserved 1060864K
  class space    used 1364K, capacity 1624K, committed 1664K, reserved 1048576K
}
Event: 4,447 GC heap after
{Heap after GC invocations=11 (full 0):
 garbage-first heap   total 187392K, used 24522K [0x0000000085800000, 0x0000000100000000)
  region size 1024K, 5 young (5120K), 5 survivors (5120K)
 Metaspace       used 12418K, capacity 13010K, committed 13184K, reserved 1060864K
  class space    used 1364K, capacity 1624K, committed 1664K, reserved 1048576K
}
Event: 8,157 GC heap before
{Heap before GC invocations=11 (full 0):
 garbage-first heap   total 187392K, used 131018K [0x0000000085800000, 0x0000000100000000)
  region size 1024K, 109 young (111616K), 5 survivors (5120K)
 Metaspace       used 12916K, capacity 13498K, committed 13696K, reserved 1060864K
  class space    used 1409K, capacity 1659K, committed 1664K, reserved 1048576K
}
Event: 8,165 GC heap after
{Heap after GC invocations=12 (full 0):
 garbage-first heap   total 187392K, used 25435K [0x0000000085800000, 0x0000000100000000)
  region size 1024K, 6 young (6144K), 6 survivors (6144K)
 Metaspace       used 12916K, capacity 13498K, committed 13696K, reserved 1060864K
  class space    used 1409K, capacity 1659K, committed 1664K, reserved 1048576K
}

